<?xml version="1.0" encoding="UTF-8"?>
<!-- Generated by org.testng.reporters.JUnitXMLReporter -->
<testsuite ignored="0" hostname="DESKTOP-M6P8TUO" failures="1" tests="1" name="Home Page" time="0.024" errors="0" timestamp="2023-04-14T23:59:24 IST">
  <testcase classname="dallas.Tc.Tc_Ataglance" name="Menu" time="0.015">
    <failure type="java.lang.IllegalArgumentException" message="Element must be set">
      <![CDATA[java.lang.IllegalArgumentException: Element must be set
at org.openqa.selenium.internal.Require.nonNull(Require.java:59)
at org.openqa.selenium.interactions.PointerInput$Origin.fromElement(PointerInput.java:287)
at org.openqa.selenium.interactions.Actions.moveInTicks(Actions.java:342)
at org.openqa.selenium.interactions.Actions.moveToElement(Actions.java:323)
at dallas.Tc.Tc_Ataglance.Menuclick(Tc_Ataglance.java:19)
at dallas.Tc.Tc_Ataglance.Menu(Tc_Ataglance.java:26)
at java.base/java.util.ArrayList.forEach(ArrayList.java:1511)
... Removed 27 stack frames]]>
    </failure>
  </testcase> <!-- Menu -->
</testsuite> <!-- Home Page -->
