<?xml version="1.0" encoding="UTF-8"?>
<!-- Generated by org.testng.reporters.JUnitXMLReporter -->
<testsuite ignored="4" hostname="DESKTOP-M6P8TUO" failures="2" tests="3" name="Login Page" time="57.388" errors="0" timestamp="2023-04-18T23:11:40 IST">
  <testcase classname="dallas.Tc.Tc_Login_Page" name="Loginsuccess" time="37.298"/>
  <testcase classname="dallas.Tc.Tc_Ataglance" name="Menuclick" time="20.03">
    <failure type="java.lang.IllegalArgumentException" message="Driver must be set">
      <![CDATA[java.lang.IllegalArgumentException: Driver must be set
at org.openqa.selenium.internal.Require.nonNull(Require.java:59)
at org.openqa.selenium.interactions.Actions.<init>(Actions.java:60)
at dallas.CommonActions.Common.Mouseover(Common.java:76)
at dallas.Tc.Tc_Ataglance.Menuclick(Tc_Ataglance.java:20)
at java.base/java.util.ArrayList.forEach(ArrayList.java:1511)
at dallas.Tc.Runner.main(Runner.java:18)
... Removed 24 stack frames]]>
    </failure>
  </testcase> <!-- Menuclick -->
  <testcase classname="dallas.Tc.Tc_peopleanddevices" name="PeopleAndDevicesActivity" time="0.007">
    <failure type="java.lang.NullPointerException" message="Cannot invoke &amp;quot;org.openqa.selenium.TakesScreenshot.getScreenshotAs(org.openqa.selenium.OutputType)&amp;quot; because &amp;quot;driver&amp;quot; is null">
      <![CDATA[java.lang.NullPointerException: Cannot invoke "org.openqa.selenium.TakesScreenshot.getScreenshotAs(org.openqa.selenium.OutputType)" because "driver" is null
at dallas.CommonActions.Common.Screenshot(Common.java:67)
at dallas.Tc.Tc_peopleanddevices.peopleanddeviceslogin(Tc_peopleanddevices.java:32)
at dallas.Tc.Tc_peopleanddevices.PeopleAndDevicesActivity(Tc_peopleanddevices.java:40)
at java.base/java.util.ArrayList.forEach(ArrayList.java:1511)
at dallas.Tc.Runner.main(Runner.java:18)
... Removed 24 stack frames]]>
    </failure>
  </testcase> <!-- PeopleAndDevicesActivity -->
  <testcase classname="dallas.CommonActions.Common" name="@AfterSuite teardown" time="0.0">
    <ignored/>
  </testcase> <!-- @AfterSuite teardown -->
  <testcase classname="dallas.CommonActions.Common" name="@BeforeSuite launchBrowser" time="0.0">
    <ignored/>
  </testcase> <!-- @BeforeSuite launchBrowser -->
  <testcase classname="dallas.CommonActions.Common" name="@BeforeSuite launchBrowser" time="0.0">
    <ignored/>
  </testcase> <!-- @BeforeSuite launchBrowser -->
  <testcase classname="dallas.CommonActions.Common" name="@AfterSuite teardown" time="0.0">
    <ignored/>
  </testcase> <!-- @AfterSuite teardown -->
</testsuite> <!-- Login Page -->
