<?xml version="1.0" encoding="UTF-8"?>
<!-- Generated by org.testng.reporters.JUnitXMLReporter -->
<testsuite ignored="4" hostname="DESKTOP-M6P8TUO" failures="0" tests="3" name="Test" time="153.64" errors="0" timestamp="2023-08-18T15:24:19 IST">
  <testcase classname="letcode.Testcases.TcHomePage" name="InputBlock" time="0.529"/>
  <testcase classname="letcode.Testcases.TcInputModule" name="InputModule" time="0.311"/>
  <testcase classname="letcode.Testcases.TcDropdownModule" name="dropdownSelection" time="152.635"/>
  <testcase classname="letcode.CommonAction.BrowserInitialize" name="@AfterSuite Dropdown" time="0.0">
    <ignored/>
  </testcase> <!-- @AfterSuite Dropdown -->
  <testcase classname="letcode.CommonAction.BrowserInitialize" name="@AfterSuite Dropdown" time="0.0">
    <ignored/>
  </testcase> <!-- @AfterSuite Dropdown -->
  <testcase classname="letcode.CommonAction.BrowserInitialize" name="@BeforeSuite launchBrowser" time="0.0">
    <ignored/>
  </testcase> <!-- @BeforeSuite launchBrowser -->
  <testcase classname="letcode.CommonAction.BrowserInitialize" name="@BeforeSuite launchBrowser" time="0.0">
    <ignored/>
  </testcase> <!-- @BeforeSuite launchBrowser -->
</testsuite> <!-- Test -->
